my_pos_app/android/app/build/intermediates/manifest_merge_blame_file/debug/processDebugMainManifest/manifest-merger-blame-debug-report.txt
1<?xml version="1.0" encoding="utf-8"?>
2<manifest xmlns:android="http://schemas.android.com/apk/res/android"
3    package="com.example.my_pos_mobile_barcode"
4    android:versionCode="1"
5    android:versionName="1.0.0" >
6
7    <uses-sdk
8        android:minSdkVersion="21"
9        android:targetSdkVersion="34" />
10    <!--
11         The INTERNET permission is required for development. Specifically,
12         the Flutter tool needs it to communicate with the running application
13         to allow setting breakpoints, to provide hot reload, etc.
14    -->
15    <uses-permission android:name="android.permission.INTERNET" />
15-->src\main\AndroidManifest.xml:8:5-67
15-->src\main\AndroidManifest.xml:8:22-64
16    <!-- Permisos para escáner de códigos de barras -->
17    <uses-permission android:name="android.permission.CAMERA" />
17-->src\main\AndroidManifest.xml:3:5-65
17-->src\main\AndroidManifest.xml:3:22-62
18
19    <uses-feature android:name="android.hardware.camera" />
19-->src\main\AndroidManifest.xml:4:5-60
19-->src\main\AndroidManifest.xml:4:19-57
20    <uses-feature android:name="android.hardware.camera.autofocus" />
20-->src\main\AndroidManifest.xml:5:5-70
20-->src\main\AndroidManifest.xml:5:19-67
21
22    <uses-permission android:name="android.permission.ACCESS_NETWORK_STATE" /> <!-- Permisos para almacenamiento -->
22-->src\main\AndroidManifest.xml:9:5-79
22-->src\main\AndroidManifest.xml:9:22-76
23    <uses-permission
23-->src\main\AndroidManifest.xml:12:5-13:38
24        android:name="android.permission.WRITE_EXTERNAL_STORAGE"
24-->src\main\AndroidManifest.xml:12:22-78
25        android:maxSdkVersion="32" />
25-->src\main\AndroidManifest.xml:13:9-35
26    <uses-permission
26-->src\main\AndroidManifest.xml:14:5-15:38
27        android:name="android.permission.READ_EXTERNAL_STORAGE"
27-->src\main\AndroidManifest.xml:14:22-77
28        android:maxSdkVersion="32" />
28-->src\main\AndroidManifest.xml:15:9-35
29    <uses-permission android:name="android.permission.READ_CONTACTS" />
29-->src\main\AndroidManifest.xml:16:5-71
29-->src\main\AndroidManifest.xml:16:22-69
30    <uses-permission android:name="android.permission.WRITE_CONTACTS" /> <!-- Permisos para biometría -->
30-->src\main\AndroidManifest.xml:17:5-72
30-->src\main\AndroidManifest.xml:17:22-70
31    <uses-permission android:name="android.permission.USE_BIOMETRIC" />
31-->src\main\AndroidManifest.xml:22:5-72
31-->src\main\AndroidManifest.xml:22:22-69
32    <uses-permission android:name="android.permission.USE_FINGERPRINT" />
32-->src\main\AndroidManifest.xml:23:5-74
32-->src\main\AndroidManifest.xml:23:22-71
33    <uses-permission android:name="android.permission.BLUETOOTH" />
33-->[:print_bluetooth_thermal] AndroidManifest.xml:8:5-68
33-->[:print_bluetooth_thermal] AndroidManifest.xml:8:22-65
34    <uses-permission android:name="android.permission.BLUETOOTH_ADMIN" />
34-->[:print_bluetooth_thermal] AndroidManifest.xml:9:5-74
34-->[:print_bluetooth_thermal] AndroidManifest.xml:9:22-71
35    <uses-permission android:name="android.permission.BLUETOOTH_CONNECT" />
35-->[:print_bluetooth_thermal] AndroidManifest.xml:10:5-76
35-->[:print_bluetooth_thermal] AndroidManifest.xml:10:22-73
36    <uses-permission android:name="android.permission.BLUETOOTH_SCAN" />
36-->[:print_bluetooth_thermal] AndroidManifest.xml:11:5-73
36-->[:print_bluetooth_thermal] AndroidManifest.xml:11:22-70
37
38    <permission
38-->[androidx.core:core:1.13.1] AndroidManifest.xml:22:5-24:47
39        android:name="com.example.my_pos_mobile_barcode.DYNAMIC_RECEIVER_NOT_EXPORTED_PERMISSION"
39-->[androidx.core:core:1.13.1] AndroidManifest.xml:23:9-81
40        android:protectionLevel="signature" />
40-->[androidx.core:core:1.13.1] AndroidManifest.xml:24:9-44
41
42    <uses-permission android:name="com.example.my_pos_mobile_barcode.DYNAMIC_RECEIVER_NOT_EXPORTED_PERMISSION" />
42-->[androidx.core:core:1.13.1] AndroidManifest.xml:26:5-97
42-->[androidx.core:core:1.13.1] AndroidManifest.xml:26:22-94
43
44    <application
45        android:name="android.app.Application"
46        android:appComponentFactory="androidx.core.app.CoreComponentFactory"
46-->[androidx.core:core:1.13.1] AndroidManifest.xml:28:18-86
47        android:debuggable="true"
48        android:extractNativeLibs="true"
49        android:icon="@mipmap/ic_launcher"
50        android:label="MY POS MOBILE BARCODE" >
51        android:enableOnBackInvokedCallback="true">
52        <activity
53            android:name="com.example.my_pos_mobile_barcode.MainActivity"
54            android:configChanges="orientation|keyboardHidden|keyboard|screenSize|smallestScreenSize|locale|layoutDirection|fontScale|screenLayout|density|uiMode"
55            android:exported="true"
56            android:hardwareAccelerated="true"
57            android:launchMode="singleTop"
58            android:theme="@style/LaunchTheme"
59            android:windowSoftInputMode="adjustResize" >
60
61            <!--
62                 Specifies an Android theme to apply to this Activity as soon as
63                 the Android process has started. This theme is visible to the user
64                 while the Flutter UI initializes. After that, this theme continues
65                 to determine the Window background behind the Flutter UI.
66            -->
67            <meta-data
68                android:name="io.flutter.embedding.android.NormalTheme"
69                android:resource="@style/NormalTheme" />
70
71            <intent-filter>
72                <action android:name="android.intent.action.MAIN" />
73
74                <category android:name="android.intent.category.LAUNCHER" />
75            </intent-filter>
76        </activity>
77        <!--
78             Don't delete the meta-data below.
79             This is used by the Flutter tool to generate GeneratedPluginRegistrant.java
80        -->
81        <meta-data
82            android:name="flutterEmbedding"
83            android:value="2" />
84        <!--
85           Declares a provider which allows us to store files to share in
86           '.../caches/share_plus' and grant the receiving action access
87        -->
88        <provider
88-->[:share_plus] AndroidManifest.xml:13:9-21:20
89            android:name="dev.fluttercommunity.plus.share.ShareFileProvider"
89-->[:share_plus] AndroidManifest.xml:14:13-77
90            android:authorities="com.example.my_pos_mobile_barcode.flutter.share_provider"
90-->[:share_plus] AndroidManifest.xml:15:13-74
91            android:exported="false"
91-->[:share_plus] AndroidManifest.xml:16:13-37
92            android:grantUriPermissions="true" >
92-->[:share_plus] AndroidManifest.xml:17:13-47
93            <meta-data
93-->[:share_plus] AndroidManifest.xml:18:13-20:68
94                android:name="android.support.FILE_PROVIDER_PATHS"
94-->[:share_plus] AndroidManifest.xml:19:17-67
95                android:resource="@xml/flutter_share_file_paths" />
95-->[:share_plus] AndroidManifest.xml:20:17-65
96        </provider>
97        <!--
98           This manifest declared broadcast receiver allows us to use an explicit
99           Intent when creating a PendingItent to be informed of the user's choice
100        -->
101        <receiver
101-->[:share_plus] AndroidManifest.xml:26:9-32:20
102            android:name="dev.fluttercommunity.plus.share.SharePlusPendingIntent"
102-->[:share_plus] AndroidManifest.xml:27:13-82
103            android:exported="false" >
103-->[:share_plus] AndroidManifest.xml:28:13-37
104            <intent-filter>
104-->[:share_plus] AndroidManifest.xml:29:13-31:29
105                <action android:name="EXTRA_CHOSEN_COMPONENT" />
105-->[:share_plus] AndroidManifest.xml:30:17-65
105-->[:share_plus] AndroidManifest.xml:30:25-62
106            </intent-filter>
107        </receiver>
108
109        <provider
109-->[:image_picker_android] AndroidManifest.xml:9:9-17:20
110            android:name="io.flutter.plugins.imagepicker.ImagePickerFileProvider"
110-->[:image_picker_android] AndroidManifest.xml:10:13-82
111            android:authorities="com.example.my_pos_mobile_barcode.flutter.image_provider"
111-->[:image_picker_android] AndroidManifest.xml:11:13-74
112            android:exported="false"
112-->[:image_picker_android] AndroidManifest.xml:12:13-37
113            android:grantUriPermissions="true" >
113-->[:image_picker_android] AndroidManifest.xml:13:13-47
114            <meta-data
114-->[:share_plus] AndroidManifest.xml:18:13-20:68
115                android:name="android.support.FILE_PROVIDER_PATHS"
115-->[:share_plus] AndroidManifest.xml:19:17-67
116                android:resource="@xml/flutter_image_picker_file_paths" />
116-->[:share_plus] AndroidManifest.xml:20:17-65
117        </provider> <!-- Trigger Google Play services to install the backported photo picker module. -->
118        <service
118-->[:image_picker_android] AndroidManifest.xml:19:9-31:19
119            android:name="com.google.android.gms.metadata.ModuleDependencies"
119-->[:image_picker_android] AndroidManifest.xml:20:13-78
120            android:enabled="false"
120-->[:image_picker_android] AndroidManifest.xml:21:13-36
121            android:exported="false" >
121-->[:image_picker_android] AndroidManifest.xml:22:13-37
122            <intent-filter>
122-->[:image_picker_android] AndroidManifest.xml:24:13-26:29
123                <action android:name="com.google.android.gms.metadata.MODULE_DEPENDENCIES" />
123-->[:image_picker_android] AndroidManifest.xml:25:17-94
123-->[:image_picker_android] AndroidManifest.xml:25:25-91
124            </intent-filter>
125
126            <meta-data
126-->[:image_picker_android] AndroidManifest.xml:28:13-30:36
127                android:name="photopicker_activity:0:required"
127-->[:image_picker_android] AndroidManifest.xml:29:17-63
128                android:value="" />
128-->[:image_picker_android] AndroidManifest.xml:30:17-33
129        </service>
130
131        <provider
131-->[:printing] AndroidManifest.xml:8:9-16:20
132            android:name="net.nfet.flutter.printing.PrintFileProvider"
132-->[:printing] AndroidManifest.xml:9:13-71
133            android:authorities="com.example.my_pos_mobile_barcode.flutter.printing"
133-->[:printing] AndroidManifest.xml:10:13-68
134            android:exported="false"
134-->[:printing] AndroidManifest.xml:11:13-37
135            android:grantUriPermissions="true" >
135-->[:printing] AndroidManifest.xml:12:13-47
136            <meta-data
136-->[:share_plus] AndroidManifest.xml:18:13-20:68
137                android:name="android.support.FILE_PROVIDER_PATHS"
137-->[:share_plus] AndroidManifest.xml:19:17-67
138                android:resource="@xml/flutter_printing_file_paths" />
138-->[:share_plus] AndroidManifest.xml:20:17-65
139        </provider>
140
141        <service
141-->[com.google.android.gms:play-services-mlkit-barcode-scanning:18.3.0] AndroidManifest.xml:9:9-15:19
142            android:name="com.google.mlkit.common.internal.MlKitComponentDiscoveryService"
142-->[com.google.android.gms:play-services-mlkit-barcode-scanning:18.3.0] AndroidManifest.xml:10:13-91
143            android:directBootAware="true"
143-->[com.google.mlkit:common:18.9.0] AndroidManifest.xml:17:13-43
144            android:exported="false" >
144-->[com.google.android.gms:play-services-mlkit-barcode-scanning:18.3.0] AndroidManifest.xml:11:13-37
145            <meta-data
145-->[com.google.android.gms:play-services-mlkit-barcode-scanning:18.3.0] AndroidManifest.xml:12:13-14:85
146                android:name="com.google.firebase.components:com.google.mlkit.vision.barcode.internal.BarcodeRegistrar"
146-->[com.google.android.gms:play-services-mlkit-barcode-scanning:18.3.0] AndroidManifest.xml:13:17-120
147                android:value="com.google.firebase.components.ComponentRegistrar" />
147-->[com.google.android.gms:play-services-mlkit-barcode-scanning:18.3.0] AndroidManifest.xml:14:17-82
148            <meta-data
148-->[com.google.mlkit:vision-common:17.3.0] AndroidManifest.xml:12:13-14:85
149                android:name="com.google.firebase.components:com.google.mlkit.vision.common.internal.VisionCommonRegistrar"
149-->[com.google.mlkit:vision-common:17.3.0] AndroidManifest.xml:13:17-124
150                android:value="com.google.firebase.components.ComponentRegistrar" />
150-->[com.google.mlkit:vision-common:17.3.0] AndroidManifest.xml:14:17-82
151            <meta-data
151-->[com.google.mlkit:common:18.9.0] AndroidManifest.xml:20:13-22:85
152                android:name="com.google.firebase.components:com.google.mlkit.common.internal.CommonComponentRegistrar"
152-->[com.google.mlkit:common:18.9.0] AndroidManifest.xml:21:17-120
153                android:value="com.google.firebase.components.ComponentRegistrar" />
153-->[com.google.mlkit:common:18.9.0] AndroidManifest.xml:22:17-82
154        </service>
155
156        <provider
156-->[com.google.mlkit:common:18.9.0] AndroidManifest.xml:9:9-13:38
157            android:name="com.google.mlkit.common.internal.MlKitInitProvider"
157-->[com.google.mlkit:common:18.9.0] AndroidManifest.xml:10:13-78
158            android:authorities="com.example.my_pos_mobile_barcode.mlkitinitprovider"
158-->[com.google.mlkit:common:18.9.0] AndroidManifest.xml:11:13-69
159            android:exported="false"
159-->[com.google.mlkit:common:18.9.0] AndroidManifest.xml:12:13-37
160            android:initOrder="99" />
160-->[com.google.mlkit:common:18.9.0] AndroidManifest.xml:13:13-35
161
162        <activity
162-->[com.google.android.gms:play-services-base:18.1.0] AndroidManifest.xml:20:9-22:45
163            android:name="com.google.android.gms.common.api.GoogleApiActivity"
163-->[com.google.android.gms:play-services-base:18.1.0] AndroidManifest.xml:20:19-85
164            android:exported="false"
164-->[com.google.android.gms:play-services-base:18.1.0] AndroidManifest.xml:22:19-43
165            android:theme="@android:style/Theme.Translucent.NoTitleBar" />
165-->[com.google.android.gms:play-services-base:18.1.0] AndroidManifest.xml:21:19-78
166
167        <meta-data
167-->[com.google.android.gms:play-services-basement:18.1.0] AndroidManifest.xml:21:9-23:69
168            android:name="com.google.android.gms.version"
168-->[com.google.android.gms:play-services-basement:18.1.0] AndroidManifest.xml:22:13-58
169            android:value="@integer/google_play_services_version" />
169-->[com.google.android.gms:play-services-basement:18.1.0] AndroidManifest.xml:23:13-66
170        <!--
171        Service for holding metadata. Cannot be instantiated.
172        Metadata will be merged from other manifests.
173        -->
174        <service
174-->[androidx.camera:camera-core:1.3.1] AndroidManifest.xml:29:9-33:78
175            android:name="androidx.camera.core.impl.MetadataHolderService"
175-->[androidx.camera:camera-core:1.3.1] AndroidManifest.xml:30:13-75
176            android:enabled="false"
176-->[androidx.camera:camera-core:1.3.1] AndroidManifest.xml:31:13-36
177            android:exported="false" >
177-->[androidx.camera:camera-core:1.3.1] AndroidManifest.xml:32:13-37
178            <meta-data
178-->[androidx.camera:camera-camera2:1.3.1] AndroidManifest.xml:30:13-32:89
179                android:name="androidx.camera.core.impl.MetadataHolderService.DEFAULT_CONFIG_PROVIDER"
179-->[androidx.camera:camera-camera2:1.3.1] AndroidManifest.xml:31:17-103
180                android:value="androidx.camera.camera2.Camera2Config$DefaultProvider" />
180-->[androidx.camera:camera-camera2:1.3.1] AndroidManifest.xml:32:17-86
181        </service>
182
183        <provider
183-->[androidx.lifecycle:lifecycle-process:2.7.0] AndroidManifest.xml:24:9-32:20
184            android:name="androidx.startup.InitializationProvider"
184-->[androidx.lifecycle:lifecycle-process:2.7.0] AndroidManifest.xml:25:13-67
185            android:authorities="com.example.my_pos_mobile_barcode.androidx-startup"
185-->[androidx.lifecycle:lifecycle-process:2.7.0] AndroidManifest.xml:26:13-68
186            android:exported="false" >
186-->[androidx.lifecycle:lifecycle-process:2.7.0] AndroidManifest.xml:27:13-37
187            <meta-data
187-->[androidx.lifecycle:lifecycle-process:2.7.0] AndroidManifest.xml:29:13-31:52
188                android:name="androidx.lifecycle.ProcessLifecycleInitializer"
188-->[androidx.lifecycle:lifecycle-process:2.7.0] AndroidManifest.xml:30:17-78
189                android:value="androidx.startup" />
189-->[androidx.lifecycle:lifecycle-process:2.7.0] AndroidManifest.xml:31:17-49
190            <meta-data
190-->[androidx.profileinstaller:profileinstaller:1.3.1] AndroidManifest.xml:29:13-31:52
191                android:name="androidx.profileinstaller.ProfileInstallerInitializer"
191-->[androidx.profileinstaller:profileinstaller:1.3.1] AndroidManifest.xml:30:17-85
192                android:value="androidx.startup" />
192-->[androidx.profileinstaller:profileinstaller:1.3.1] AndroidManifest.xml:31:17-49
193        </provider>
194
195        <uses-library
195-->[androidx.window:window:1.2.0] AndroidManifest.xml:23:9-25:40
196            android:name="androidx.window.extensions"
196-->[androidx.window:window:1.2.0] AndroidManifest.xml:24:13-54
197            android:required="false" />
197-->[androidx.window:window:1.2.0] AndroidManifest.xml:25:13-37
198        <uses-library
198-->[androidx.window:window:1.2.0] AndroidManifest.xml:26:9-28:40
199            android:name="androidx.window.sidecar"
199-->[androidx.window:window:1.2.0] AndroidManifest.xml:27:13-51
200            android:required="false" />
200-->[androidx.window:window:1.2.0] AndroidManifest.xml:28:13-37
201
202        <receiver
202-->[androidx.profileinstaller:profileinstaller:1.3.1] AndroidManifest.xml:34:9-52:20
203            android:name="androidx.profileinstaller.ProfileInstallReceiver"
203-->[androidx.profileinstaller:profileinstaller:1.3.1] AndroidManifest.xml:35:13-76
204            android:directBootAware="false"
204-->[androidx.profileinstaller:profileinstaller:1.3.1] AndroidManifest.xml:36:13-44
205            android:enabled="true"
205-->[androidx.profileinstaller:profileinstaller:1.3.1] AndroidManifest.xml:37:13-35
206            android:exported="true"
206-->[androidx.profileinstaller:profileinstaller:1.3.1] AndroidManifest.xml:38:13-36
207            android:permission="android.permission.DUMP" >
207-->[androidx.profileinstaller:profileinstaller:1.3.1] AndroidManifest.xml:39:13-57
208            <intent-filter>
208-->[androidx.profileinstaller:profileinstaller:1.3.1] AndroidManifest.xml:40:13-42:29
209                <action android:name="androidx.profileinstaller.action.INSTALL_PROFILE" />
209-->[androidx.profileinstaller:profileinstaller:1.3.1] AndroidManifest.xml:41:17-91
209-->[androidx.profileinstaller:profileinstaller:1.3.1] AndroidManifest.xml:41:25-88
210            </intent-filter>
211            <intent-filter>
211-->[androidx.profileinstaller:profileinstaller:1.3.1] AndroidManifest.xml:43:13-45:29
212                <action android:name="androidx.profileinstaller.action.SKIP_FILE" />
212-->[androidx.profileinstaller:profileinstaller:1.3.1] AndroidManifest.xml:44:17-85
212-->[androidx.profileinstaller:profileinstaller:1.3.1] AndroidManifest.xml:44:25-82
213            </intent-filter>
214            <intent-filter>
214-->[androidx.profileinstaller:profileinstaller:1.3.1] AndroidManifest.xml:46:13-48:29
215                <action android:name="androidx.profileinstaller.action.SAVE_PROFILE" />
215-->[androidx.profileinstaller:profileinstaller:1.3.1] AndroidManifest.xml:47:17-88
215-->[androidx.profileinstaller:profileinstaller:1.3.1] AndroidManifest.xml:47:25-85
216            </intent-filter>
217            <intent-filter>
217-->[androidx.profileinstaller:profileinstaller:1.3.1] AndroidManifest.xml:49:13-51:29
218                <action android:name="androidx.profileinstaller.action.BENCHMARK_OPERATION" />
218-->[androidx.profileinstaller:profileinstaller:1.3.1] AndroidManifest.xml:50:17-95
218-->[androidx.profileinstaller:profileinstaller:1.3.1] AndroidManifest.xml:50:25-92
219            </intent-filter>
220        </receiver>
221
222        <service
222-->[com.google.android.datatransport:transport-backend-cct:2.3.3] AndroidManifest.xml:29:9-35:19
223            android:name="com.google.android.datatransport.runtime.backends.TransportBackendDiscovery"
223-->[com.google.android.datatransport:transport-backend-cct:2.3.3] AndroidManifest.xml:30:13-103
224            android:exported="false" >
224-->[com.google.android.datatransport:transport-backend-cct:2.3.3] AndroidManifest.xml:31:13-37
225            <meta-data
225-->[com.google.android.datatransport:transport-backend-cct:2.3.3] AndroidManifest.xml:32:13-34:39
226                android:name="backend:com.google.android.datatransport.cct.CctBackendFactory"
226-->[com.google.android.datatransport:transport-backend-cct:2.3.3] AndroidManifest.xml:33:17-94
227                android:value="cct" />
227-->[com.google.android.datatransport:transport-backend-cct:2.3.3] AndroidManifest.xml:34:17-36
228        </service>
229        <service
229-->[com.google.android.datatransport:transport-runtime:2.2.6] AndroidManifest.xml:26:9-30:19
230            android:name="com.google.android.datatransport.runtime.scheduling.jobscheduling.JobInfoSchedulerService"
230-->[com.google.android.datatransport:transport-runtime:2.2.6] AndroidManifest.xml:27:13-117
231            android:exported="false"
231-->[com.google.android.datatransport:transport-runtime:2.2.6] AndroidManifest.xml:28:13-37
232            android:permission="android.permission.BIND_JOB_SERVICE" >
232-->[com.google.android.datatransport:transport-runtime:2.2.6] AndroidManifest.xml:29:13-69
233        </service>
234
235        <receiver
235-->[com.google.android.datatransport:transport-runtime:2.2.6] AndroidManifest.xml:32:9-34:40
236            android:name="com.google.android.datatransport.runtime.scheduling.jobscheduling.AlarmManagerSchedulerBroadcastReceiver"
236-->[com.google.android.datatransport:transport-runtime:2.2.6] AndroidManifest.xml:33:13-132
237            android:exported="false" />
237-->[com.google.android.datatransport:transport-runtime:2.2.6] AndroidManifest.xml:34:13-37
238    </application>
239
240</manifest>